# JRE version: OpenJDK Runtime Environment (8.0_152-b06) (build 1.8.0_152-release-1136-b06)
# Java VM: OpenJDK 64-Bit Server VM (25.152-b06 mixed mode windows-amd64 compressed oops)
Heap:
 PSYoungGen      total 230912K, used 3112K [0x00000000e0000000, 0x00000000f1a00000, 0x0000000100000000)
  eden space 204800K, 1% used [0x00000000e0000000,0x00000000e030a1d8,0x00000000ec800000)
  from space 26112K, 0% used [0x00000000f0080000,0x00000000f0080000,0x00000000f1a00000)
  to   space 41984K, 0% used [0x00000000ec800000,0x00000000ec800000,0x00000000ef100000)
 ParOldGen       total 264704K, used 77367K [0x00000000a0000000, 0x00000000b0280000, 0x00000000e0000000)
  object space 264704K, 29% used [0x00000000a0000000,0x00000000a4b8dd50,0x00000000b0280000)
 Metaspace       used 93996K, capacity 97874K, committed 98380K, reserved 1134592K
  class space    used 11668K, capacity 12615K, committed 12672K, reserved 1048576K
GC Heap History (10 events):
Event: 604.421 GC heap before
{Heap before GC invocations=20 (full 3):
 PSYoungGen      total 258048K, used 257979K [0x00000000e0000000, 0x00000000f5500000, 0x0000000100000000)
  eden space 232960K, 100% used [0x00000000e0000000,0x00000000ee380000,0x00000000ee380000)
  from space 25088K, 99% used [0x00000000f3c80000,0x00000000f54eefa8,0x00000000f5500000)
  to   space 35840K, 0% used [0x00000000f0f00000,0x00000000f0f00000,0x00000000f3200000)
 ParOldGen       total 164352K, used 42654K [0x00000000a0000000, 0x00000000aa080000, 0x00000000e0000000)
  object space 164352K, 25% used [0x00000000a0000000,0x00000000a29a7838,0x00000000aa080000)
 Metaspace       used 75404K, capacity 78982K, committed 79064K, reserved 1118208K
  class space    used 9675K, capacity 10495K, committed 10496K, reserved 1048576K
Event: 604.472 GC heap after
Heap after GC invocations=20 (full 3):
 PSYoungGen      total 253952K, used 28438K [0x00000000e0000000, 0x00000000f3d00000, 0x0000000100000000)
  eden space 225280K, 0% used [0x00000000e0000000,0x00000000e0000000,0x00000000edc00000)
  from space 28672K, 99% used [0x00000000f0f00000,0x00000000f2ac5908,0x00000000f2b00000)
  to   space 18432K, 0% used [0x00000000f2b00000,0x00000000f2b00000,0x00000000f3d00000)
 ParOldGen       total 164352K, used 42662K [0x00000000a0000000, 0x00000000aa080000, 0x00000000e0000000)
  object space 164352K, 25% used [0x00000000a0000000,0x00000000a29a9838,0x00000000aa080000)
 Metaspace       used 75404K, capacity 78982K, committed 79064K, reserved 1118208K
  class space    used 9675K, capacity 10495K, committed 10496K, reserved 1048576K
}
Event: 620.624 GC heap before
{Heap before GC invocations=21 (full 3):
 PSYoungGen      total 253952K, used 253718K [0x00000000e0000000, 0x00000000f3d00000, 0x0000000100000000)
  eden space 225280K, 100% used [0x00000000e0000000,0x00000000edc00000,0x00000000edc00000)
  from space 28672K, 99% used [0x00000000f0f00000,0x00000000f2ac5908,0x00000000f2b00000)
  to   space 18432K, 0% used [0x00000000f2b00000,0x00000000f2b00000,0x00000000f3d00000)
 ParOldGen       total 164352K, used 42662K [0x00000000a0000000, 0x00000000aa080000, 0x00000000e0000000)
  object space 164352K, 25% used [0x00000000a0000000,0x00000000a29a9838,0x00000000aa080000)
 Metaspace       used 86749K, capacity 90558K, committed 90712K, reserved 1128448K
  class space    used 10943K, capacity 11807K, committed 11904K, reserved 1048576K
Event: 620.662 GC heap after
Heap after GC invocations=21 (full 3):
 PSYoungGen      total 236544K, used 18414K [0x00000000e0000000, 0x00000000f3d00000, 0x0000000100000000)
  eden space 218112K, 0% used [0x00000000e0000000,0x00000000e0000000,0x00000000ed500000)
  from space 18432K, 99% used [0x00000000f2b00000,0x00000000f3cfba90,0x00000000f3d00000)
  to   space 45568K, 0% used [0x00000000ee400000,0x00000000ee400000,0x00000000f1080000)
 ParOldGen       total 164352K, used 66539K [0x00000000a0000000, 0x00000000aa080000, 0x00000000e0000000)
  object space 164352K, 40% used [0x00000000a0000000,0x00000000a40fad60,0x00000000aa080000)
 Metaspace       used 86749K, capacity 90558K, committed 90712K, reserved 1128448K
  class space    used 10943K, capacity 11807K, committed 11904K, reserved 1048576K
}
Event: 706.356 GC heap before
{Heap before GC invocations=22 (full 3):
 PSYoungGen      total 236544K, used 236526K [0x00000000e0000000, 0x00000000f3d00000, 0x0000000100000000)
  eden space 218112K, 100% used [0x00000000e0000000,0x00000000ed500000,0x00000000ed500000)
  from space 18432K, 99% used [0x00000000f2b00000,0x00000000f3cfba90,0x00000000f3d00000)
  to   space 45568K, 0% used [0x00000000ee400000,0x00000000ee400000,0x00000000f1080000)
 ParOldGen       total 164352K, used 66539K [0x00000000a0000000, 0x00000000aa080000, 0x00000000e0000000)
  object space 164352K, 40% used [0x00000000a0000000,0x00000000a40fad60,0x00000000aa080000)
 Metaspace       used 87254K, capacity 91382K, committed 91608K, reserved 1128448K
  class space    used 11007K, capacity 11921K, committed 12032K, reserved 1048576K
Event: 706.402 GC heap after
Heap after GC invocations=22 (full 3):
 PSYoungGen      total 233984K, used 22042K [0x00000000e0000000, 0x00000000f2b80000, 0x0000000100000000)
  eden space 211456K, 0% used [0x00000000e0000000,0x00000000e0000000,0x00000000ece80000)
  from space 22528K, 97% used [0x00000000ee400000,0x00000000ef986bb8,0x00000000efa00000)
  to   space 44032K, 0% used [0x00000000f0080000,0x00000000f0080000,0x00000000f2b80000)
 ParOldGen       total 164352K, used 78723K [0x00000000a0000000, 0x00000000aa080000, 0x00000000e0000000)
  object space 164352K, 47% used [0x00000000a0000000,0x00000000a4ce0e10,0x00000000aa080000)
 Metaspace       used 87254K, capacity 91382K, committed 91608K, reserved 1128448K
  class space    used 11007K, capacity 11921K, committed 12032K, reserved 1048576K
}
Event: 712.015 GC heap before
{Heap before GC invocations=23 (full 3):
 PSYoungGen      total 233984K, used 171914K [0x00000000e0000000, 0x00000000f2b80000, 0x0000000100000000)
  eden space 211456K, 70% used [0x00000000e0000000,0x00000000e925be10,0x00000000ece80000)
  from space 22528K, 97% used [0x00000000ee400000,0x00000000ef986bb8,0x00000000efa00000)
  to   space 44032K, 0% used [0x00000000f0080000,0x00000000f0080000,0x00000000f2b80000)
 ParOldGen       total 164352K, used 78723K [0x00000000a0000000, 0x00000000aa080000, 0x00000000e0000000)
  object space 164352K, 47% used [0x00000000a0000000,0x00000000a4ce0e10,0x00000000aa080000)
 Metaspace       used 94060K, capacity 98262K, committed 98380K, reserved 1134592K
  class space    used 11697K, capacity 12657K, committed 12672K, reserved 1048576K
Event: 712.062 GC heap after
Heap after GC invocations=23 (full 3):
 PSYoungGen      total 230912K, used 18052K [0x00000000e0000000, 0x00000000f1a00000, 0x0000000100000000)
  eden space 204800K, 0% used [0x00000000e0000000,0x00000000e0000000,0x00000000ec800000)
  from space 26112K, 69% used [0x00000000f0080000,0x00000000f1221210,0x00000000f1a00000)
  to   space 41984K, 0% used [0x00000000ec800000,0x00000000ec800000,0x00000000ef100000)
 ParOldGen       total 164352K, used 78739K [0x00000000a0000000, 0x00000000aa080000, 0x00000000e0000000)
  object space 164352K, 47% used [0x00000000a0000000,0x00000000a4ce4e10,0x00000000aa080000)
 Metaspace       used 94060K, capacity 98262K, committed 98380K, reserved 1134592K
  class space    used 11697K, capacity 12657K, committed 12672K, reserved 1048576K
}
Event: 712.062 GC heap before
{Heap before GC invocations=24 (full 4):
 PSYoungGen      total 230912K, used 18052K [0x00000000e0000000, 0x00000000f1a00000, 0x0000000100000000)
  eden space 204800K, 0% used [0x00000000e0000000,0x00000000e0000000,0x00000000ec800000)
  from space 26112K, 69% used [0x00000000f0080000,0x00000000f1221210,0x00000000f1a00000)
  to   space 41984K, 0% used [0x00000000ec800000,0x00000000ec800000,0x00000000ef100000)
 ParOldGen       total 164352K, used 78739K [0x00000000a0000000, 0x00000000aa080000, 0x00000000e0000000)
  object space 164352K, 47% used [0x00000000a0000000,0x00000000a4ce4e10,0x00000000aa080000)
 Metaspace       used 94060K, capacity 98262K, committed 98380K, reserved 1134592K
  class space    used 11697K, capacity 12657K, committed 12672K, reserved 1048576K
Event: 712.395 GC heap after
Heap after GC invocations=24 (full 4):
 PSYoungGen      total 230912K, used 0K [0x00000000e0000000, 0x00000000f1a00000, 0x0000000100000000)
  eden space 204800K, 0% used [0x00000000e0000000,0x00000000e0000000,0x00000000ec800000)
  from space 26112K, 0% used [0x00000000f0080000,0x00000000f0080000,0x00000000f1a00000)
  to   space 41984K, 0% used [0x00000000ec800000,0x00000000ec800000,0x00000000ef100000)
 ParOldGen       total 264704K, used 77367K [0x00000000a0000000, 0x00000000b0280000, 0x00000000e0000000)
  object space 264704K, 29% used [0x00000000a0000000,0x00000000a4b8dd50,0x00000000b0280000)
 Metaspace       used 93933K, capacity 97810K, committed 98380K, reserved 1134592K
  class space    used 11661K, capacity 12615K, committed 12672K, reserved 1048576K
}

